nohup: ignoring input
[2026-04-28 23:14:43] Auto-push service dimulai...
[2026-04-28 23:14:43] Direktori: /workspaces/hamos
[2026-04-28 23:14:43] Branch: main
[2026-04-28 23:14:43] Perubahan terdeteksi, melakukan commit dan push...
[main 295a8d6] Auto-commit: 2026-04-28 23:14:44
 1 file changed, 6 insertions(+)
 create mode 100644 .auto-push.log
To https://github.com/hamai-one/hamos
   a97808b..295a8d6  main -> main
[2026-04-28 23:14:47] ✓ Push ke GitHub berhasil
[2026-04-28 23:14:47] Menggunakan inotifywait untuk real-time monitoring...
[2026-04-28 23:14:47] File changed: Settingwatches.  Beware: since -r was given, this may take a while! (up)
[2026-04-28 23:14:47] Perubahan terdeteksi, melakukan commit dan push...
[main 3f313cb] Auto-commit: 2026-04-28 23:14:47
 1 file changed, 11 insertions(+), 1 deletion(-)
To https://github.com/hamai-one/hamos
   295a8d6..3f313cb  main -> main
[2026-04-28 23:14:50] ✓ Push ke GitHub berhasil
[2026-04-28 23:14:50] File changed: Watches (established.)
[2026-04-28 23:14:50] Perubahan terdeteksi, melakukan commit dan push...
[main 182ec72] Auto-commit: 2026-04-28 23:14:51
 1 file changed, 9 insertions(+), 2 deletions(-)
To https://github.com/hamai-one/hamos
   3f313cb..182ec72  main -> main
[2026-04-28 23:14:53] ✓ Push ke GitHub berhasil
[2026-04-28 23:14:53] File changed: /workspaces/hamos/.auto-push.log (MODIFY)
[2026-04-28 23:14:53] Perubahan terdeteksi, melakukan commit dan push...
[main 47c2453] Auto-commit: 2026-04-28 23:14:54
 1 file changed, 9 insertions(+), 2 deletions(-)
To https://github.com/hamai-one/hamos
   182ec72..47c2453  main -> main
[2026-04-28 23:14:56] ✓ Push ke GitHub berhasil
[2026-04-28 23:14:56] File changed: /workspaces/hamos/.auto-push.log (MODIFY)
[2026-04-28 23:14:56] Perubahan terdeteksi, melakukan commit dan push...
[main 15aab1e] Auto-commit: 2026-04-28 23:14:57
 1 file changed, 8 insertions(+), 1 deletion(-)
To https://github.com/hamai-one/hamos
   47c2453..15aab1e  main -> main
[2026-04-28 23:15:00] ✓ Push ke GitHub berhasil
[2026-04-28 23:15:00] File changed: /workspaces/hamos/.auto-push.log (MODIFY)
[2026-04-28 23:15:00] Perubahan terdeteksi, melakukan commit dan push...
[main 7de377a] Auto-commit: 2026-04-28 23:15:00
 2 files changed, 117 insertions(+), 1 deletion(-)
 create mode 100644 manage-autopush.sh
To https://github.com/hamai-one/hamos
   15aab1e..7de377a  main -> main
[2026-04-28 23:15:03] ✓ Push ke GitHub berhasil
[2026-04-28 23:15:03] File changed: /workspaces/hamos/.auto-push.log (MODIFY)
[2026-04-28 23:15:03] Perubahan terdeteksi, melakukan commit dan push...
3:15:03] File changed: /workspaces/hamos/.auto-push.log (MODIFY)
[2026-04-28 23:15:03] Perubahan terdeteksi, melakukan commit dan push...
